<?xml version="1.0" encoding="UTF-8"?>
<!-- Generated by org.testng.reporters.JUnitReportReporter -->
<testsuite skipped="0" hostname="E5470-01381" name="testA.TestA3" tests="1" failures="0" timestamp="16 Jan 2019 01:25:53 GMT" time="9.389" errors="0">
  <testcase name="A3" time="9.389" classname="testA.TestA3"/>
</testsuite> <!-- testA.TestA3 -->
