<?xml version="1.0" encoding="UTF-8"?>
<!-- Generated by org.testng.reporters.JUnitReportReporter -->
<testsuite skipped="0" hostname="E5470-01381" name="testB.TestB2" tests="1" failures="0" timestamp="16 Jan 2019 01:25:53 GMT" time="15.487" errors="0">
  <testcase name="A2" time="15.487" classname="testB.TestB2"/>
</testsuite> <!-- testB.TestB2 -->
