<?xml version="1.0" encoding="UTF-8"?>
<!-- Generated by org.testng.reporters.JUnitReportReporter -->
<testsuite skipped="0" hostname="E5470-01381" name="seleniumfunction.ImplicitWait" tests="1" failures="0" timestamp="14 Jun 2018 16:02:54 GMT" time="7.358" errors="0">
  <testcase name="Iwait" time="7.358" classname="seleniumfunction.ImplicitWait"/>
</testsuite> <!-- seleniumfunction.ImplicitWait -->
