<?xml version="1.0" encoding="UTF-8"?>
<!-- Generated by org.testng.reporters.JUnitReportReporter -->
<testsuite skipped="0" hostname="E5470-01381" name="seleniumfunction.icici" tests="1" failures="0" timestamp="25 Jun 2018 20:18:41 GMT" time="45.545" errors="0">
  <testcase name="icicisite" time="45.545" classname="seleniumfunction.icici"/>
</testsuite> <!-- seleniumfunction.icici -->
