<?xml version="1.0" encoding="UTF-8"?>
<!-- Generated by org.testng.reporters.JUnitReportReporter -->
<testsuite skipped="0" hostname="E5470-01381" name="seleniumfunction.Radios" tests="1" failures="0" timestamp="27 Jun 2018 18:39:02 GMT" time="32.826" errors="0">
  <testcase name="drop" time="32.826" classname="seleniumfunction.Radios"/>
</testsuite> <!-- seleniumfunction.Radios -->
