<?xml version="1.0" encoding="UTF-8"?>
<!-- Generated by org.testng.reporters.JUnitReportReporter -->
<testsuite skipped="0" hostname="E5470-01381" name="seleniumfunction.DropDown" tests="1" failures="0" timestamp="27 Jun 2018 15:03:45 GMT" time="10.786" errors="0">
  <testcase name="drop" time="10.786" classname="seleniumfunction.DropDown"/>
</testsuite> <!-- seleniumfunction.DropDown -->
