<?xml version="1.0" encoding="UTF-8"?>
<!-- Generated by org.testng.reporters.JUnitReportReporter -->
<testsuite skipped="0" hostname="E5470-01381" name="americangolf" tests="1" failures="0" timestamp="13 Jun 2018 15:15:03 GMT" time="10.282" errors="0">
  <testcase name="findelement" time="10.282" classname="americangolf"/>
</testsuite> <!-- americangolf -->
