<?xml version="1.0" encoding="UTF-8"?>
<!-- Generated by org.testng.reporters.JUnitReportReporter -->
<testsuite skipped="0" hostname="E5470-01381" name="DynamicBrowsers" tests="1" failures="0" timestamp="17 May 2018 14:55:39 GMT" time="27.742" errors="0">
  <testcase name="launchSite" time="27.742" classname="DynamicBrowsers"/>
</testsuite> <!-- DynamicBrowsers -->
