<?xml version="1.0" encoding="UTF-8"?>
<!-- Generated by org.testng.reporters.JUnitReportReporter -->
<testsuite skipped="0" hostname="E5470-01381" name="cssxpath" tests="1" failures="0" timestamp="10 Jun 2018 21:28:16 GMT" time="24.487" errors="0">
  <testcase name="launchSite" time="24.487" classname="cssxpath"/>
</testsuite> <!-- cssxpath -->
