<?xml version="1.0" encoding="UTF-8"?>
<!-- Generated by org.testng.reporters.JUnitReportReporter -->
<testsuite skipped="0" hostname="E5470-01381" name="Test.TestObject" tests="3" failures="0" timestamp="26 Apr 2018 20:15:11 GMT" time="0.008" errors="0">
  <testcase name="dologinTest" time="0.005" classname="Test.TestObject"/>
  <testcase name="dologinTest" time="0.001" classname="Test.TestObject"/>
  <testcase name="dologinTest" time="0.002" classname="Test.TestObject"/>
</testsuite> <!-- Test.TestObject -->
