<?xml version="1.0" encoding="UTF-8"?>
<!-- Generated by org.testng.reporters.JUnitReportReporter -->
<testsuite skipped="0" hostname="E5470-01381" name="ApplicationTest" tests="1" failures="0" timestamp="12 Apr 2018 00:37:15 GMT" time="0.007" errors="0">
  <testcase name="doLogin" time="0.007" classname="ApplicationTest"/>
</testsuite> <!-- ApplicationTest -->
