<?xml version="1.0" encoding="UTF-8"?>
<!-- Generated by org.testng.reporters.JUnitReportReporter -->
<testsuite skipped="0" hostname="E5470-01381" name="com.h2o.pom.testcases.testA" tests="3" failures="0" timestamp="28 Jan 2019 23:07:58 GMT" time="0.009" errors="0">
  <testcase name="storeData" time="0.001" classname="com.h2o.pom.testcases.testA"/>
  <testcase name="storeData" time="0.008" classname="com.h2o.pom.testcases.testA"/>
  <testcase name="storeData" time="0.000" classname="com.h2o.pom.testcases.testA"/>
</testsuite> <!-- com.h2o.pom.testcases.testA -->
