<?xml version="1.0" encoding="UTF-8"?>
<!-- Generated by org.testng.reporters.JUnitReportReporter -->
<testsuite skipped="0" hostname="E5470-01381" name="com.baseTest.Dice" tests="2" failures="0" timestamp="27 Aug 2018 18:40:47 GMT" time="41.610" errors="0">
  <testcase name="launch" time="3.689" classname="com.baseTest.Dice"/>
  <testcase name="dicepage" time="37.921" classname="com.baseTest.Dice"/>
</testsuite> <!-- com.baseTest.Dice -->
