<?xml version="1.0" encoding="UTF-8"?>
<!-- Generated by org.testng.reporters.JUnitReportReporter -->
<testsuite skipped="0" hostname="E5470-01381" name="buildingblock.Rediff_CreateDeletePortfolio" tests="3" failures="0" timestamp="10 Aug 2018 16:26:09 GMT" time="16.932" errors="0">
  <testcase name="login" time="14.121" classname="buildingblock.Rediff_CreateDeletePortfolio"/>
  <testcase name="createprofile" time="2.504" classname="buildingblock.Rediff_CreateDeletePortfolio"/>
  <testcase name="DeleteProfile" time="0.307" classname="buildingblock.Rediff_CreateDeletePortfolio"/>
</testsuite> <!-- buildingblock.Rediff_CreateDeletePortfolio -->
