<?xml version="1.0" encoding="UTF-8"?>
<!-- Generated by org.testng.reporters.JUnitReportReporter -->
<testsuite skipped="0" hostname="E5470-01381" name="buildingblock.Rediff_AddDelStock" tests="4" failures="0" timestamp="17 Aug 2018 16:37:38 GMT" time="36.617" errors="0">
  <testcase name="launch" time="3.709" classname="buildingblock.Rediff_AddDelStock"/>
  <testcase name="login" time="9.615" classname="buildingblock.Rediff_AddDelStock"/>
  <testcase name="AddStock" time="19.840" classname="buildingblock.Rediff_AddDelStock"/>
  <testcase name="deleteStock" time="3.453" classname="buildingblock.Rediff_AddDelStock"/>
</testsuite> <!-- buildingblock.Rediff_AddDelStock -->
