<?xml version="1.0" encoding="UTF-8"?>
<!-- Generated by org.testng.reporters.JUnitReportReporter -->
<testsuite skipped="0" hostname="E5470-01381" name="buildingblock.Rediff_BuySellStock" tests="5" failures="0" timestamp="20 Aug 2018 21:36:33 GMT" time="46.397" errors="0">
  <testcase name="launch" time="3.674" classname="buildingblock.Rediff_BuySellStock"/>
  <testcase name="login" time="18.145" classname="buildingblock.Rediff_BuySellStock"/>
  <testcase name="AddStock" time="12.311" classname="buildingblock.Rediff_BuySellStock"/>
  <testcase name="buyStock" time="11.071" classname="buildingblock.Rediff_BuySellStock"/>
  <testcase name="transactionHistory" time="1.196" classname="buildingblock.Rediff_BuySellStock"/>
</testsuite> <!-- buildingblock.Rediff_BuySellStock -->
