<?xml version="1.0" encoding="UTF-8"?>
<!-- Generated by org.testng.reporters.JUnitReportReporter -->
<testsuite skipped="0" hostname="E5470-01381" name="testing.jquery" tests="1" failures="0" timestamp="07 Jul 2018 23:58:43 GMT" time="8.800" errors="0">
  <testcase name="detectiframe" time="8.800" classname="testing.jquery"/>
</testsuite> <!-- testing.jquery -->
