<?xml version="1.0" encoding="UTF-8"?>
<!-- Generated by org.testng.reporters.JUnitReportReporter -->
<testsuite skipped="0" hostname="E5470-01381" name="testing.ActionClass" tests="1" failures="0" timestamp="08 Jul 2018 19:08:26 GMT" time="11.843" errors="0">
  <testcase name="mouseevent" time="11.843" classname="testing.ActionClass"/>
</testsuite> <!-- testing.ActionClass -->
