<?xml version="1.0" encoding="UTF-8"?>
<!-- Generated by org.testng.reporters.JUnitReportReporter -->
<testsuite skipped="0" hostname="E5470-01381" name="testing.WebTables" tests="1" failures="0" timestamp="11 Jul 2018 01:33:33 GMT" time="17.766" errors="0">
  <testcase name="Tables" time="17.766" classname="testing.WebTables"/>
</testsuite> <!-- testing.WebTables -->
