<?xml version="1.0" encoding="UTF-8"?>
<!-- Generated by org.testng.reporters.JUnitReportReporter -->
<testsuite skipped="0" hostname="E5470-01381" name="com.abhinav.datadrivenframework.base.TestCase" tests="4" failures="0" timestamp="25 Oct 2018 16:26:59 GMT" time="0.014" errors="0">
  <testcase name="TestA" time="0.001" classname="com.abhinav.datadrivenframework.base.TestCase"/>
  <testcase name="TestA" time="0.010" classname="com.abhinav.datadrivenframework.base.TestCase"/>
  <testcase name="TestA" time="0.001" classname="com.abhinav.datadrivenframework.base.TestCase"/>
  <testcase name="TestA" time="0.002" classname="com.abhinav.datadrivenframework.base.TestCase"/>
</testsuite> <!-- com.abhinav.datadrivenframework.base.TestCase -->
