<?xml version="1.0" encoding="UTF-8"?>
<!-- Generated by org.testng.reporters.JUnitReportReporter -->
<testsuite skipped="2" hostname="E5470-01381" name="com.abhinav.datadrivenframework.DummyTestB" tests="2" failures="0" timestamp="27 Oct 2018 15:07:27 GMT" time="0.332" errors="0">
  <testcase name="TestB" time="0.081" classname="com.abhinav.datadrivenframework.DummyTestB">
    <skipped/>
  </testcase> <!-- TestB -->
  <testcase name="TestB" time="0.251" classname="com.abhinav.datadrivenframework.DummyTestB">
    <skipped/>
  </testcase> <!-- TestB -->
</testsuite> <!-- com.abhinav.datadrivenframework.DummyTestB -->
