<?xml version="1.0" encoding="UTF-8"?>
<!-- Generated by org.testng.reporters.JUnitReportReporter -->
<testsuite skipped="2" hostname="E5470-01381" name="com.abhinav.datadrivenframework.DummyTestC" tests="4" failures="0" timestamp="27 Oct 2018 13:44:21 GMT" time="11.315" errors="0">
  <testcase name="TestC" time="5.567" classname="com.abhinav.datadrivenframework.DummyTestC"/>
  <testcase name="TestC" time="0.332" classname="com.abhinav.datadrivenframework.DummyTestC">
    <skipped/>
  </testcase> <!-- TestC -->
  <testcase name="TestC" time="5.382" classname="com.abhinav.datadrivenframework.DummyTestC"/>
  <testcase name="TestC" time="0.034" classname="com.abhinav.datadrivenframework.DummyTestC">
    <skipped/>
  </testcase> <!-- TestC -->
</testsuite> <!-- com.abhinav.datadrivenframework.DummyTestC -->
