<?xml version="1.0" encoding="UTF-8"?>
<!-- Generated by org.testng.reporters.JUnitReportReporter -->
<testsuite skipped="0" hostname="E5470-01381" name="oops.testcases.testProfile" tests="1" failures="0" timestamp="17 Jan 2019 19:16:32 GMT" time="0.010" errors="0">
  <testcase name="ProfileTest" time="0.010" classname="oops.testcases.testProfile"/>
</testsuite> <!-- oops.testcases.testProfile -->
