<?xml version="1.0" encoding="UTF-8"?>
<!-- Generated by org.testng.reporters.JUnitReportReporter -->
<testsuite skipped="0" hostname="E5470-01381" name="oops.test.Profile" tests="1" failures="0" timestamp="17 Jan 2019 17:27:58 GMT" time="0.008" errors="0">
  <testcase name="fbprofilepafe" time="0.008" classname="oops.test.Profile"/>
</testsuite> <!-- oops.test.Profile -->
