<?xml version="1.0" encoding="UTF-8"?>
<!-- Generated by org.testng.reporters.JUnitReportReporter -->
<testsuite skipped="0" hostname="E5470-01381" name="suiteC.TestC1" tests="3" failures="0" timestamp="23 Apr 2018 15:08:33 GMT" time="0.002" errors="0">
  <testcase name="TestC11" time="0.001" classname="suiteC.TestC1"/>
  <testcase name="TestC12" time="0.001" classname="suiteC.TestC1"/>
  <testcase name="TestC13" time="0.000" classname="suiteC.TestC1"/>
</testsuite> <!-- suiteC.TestC1 -->
