<?xml version="1.0" encoding="UTF-8"?>
<!-- Generated by org.testng.reporters.JUnitReportReporter -->
<testsuite skipped="0" hostname="E5470-01381" name="suiteA.TestA2" tests="3" failures="0" timestamp="23 Apr 2018 15:08:33 GMT" time="0.017" errors="0">
  <testcase name="TestA21" time="0.014" classname="suiteA.TestA2"/>
  <testcase name="TestA22" time="0.001" classname="suiteA.TestA2"/>
  <testcase name="TestA23" time="0.002" classname="suiteA.TestA2"/>
</testsuite> <!-- suiteA.TestA2 -->
