<?xml version="1.0" encoding="UTF-8"?>
<!-- Generated by org.testng.reporters.JUnitReportReporter -->
<testsuite skipped="0" hostname="E5470-01381" name="com.abhinav.datadrivenframework.AppTest" tests="1" failures="0" timestamp="07 Sep 2018 18:50:45 GMT" time="0.012" errors="0">
  <testcase name="shouldAnswerWithTrue" time="0.012" classname="com.abhinav.datadrivenframework.AppTest"/>
</testsuite> <!-- com.abhinav.datadrivenframework.AppTest -->
