<?xml version="1.0" encoding="UTF-8"?>
<!-- Generated by org.testng.reporters.JUnitReportReporter -->
<testsuite skipped="0" hostname="E5470-01381" name="drivers.OptionsExample" tests="1" failures="0" timestamp="10 May 2018 20:28:22 GMT" time="14.217" errors="0">
  <testcase name="site" time="14.217" classname="drivers.OptionsExample"/>
</testsuite> <!-- drivers.OptionsExample -->
