<?xml version="1.0" encoding="UTF-8"?>
<!-- Generated by org.testng.reporters.JUnitReportReporter -->
<testsuite skipped="0" hostname="E5470-01381" name="drivers.AllLinks" tests="1" failures="0" timestamp="25 Jun 2018 20:46:02 GMT" time="13.093" errors="0">
  <testcase name="extractLinks" time="13.093" classname="drivers.AllLinks"/>
</testsuite> <!-- drivers.AllLinks -->
