<?xml version="1.0" encoding="UTF-8"?>
<!-- Generated by org.testng.reporters.JUnitReportReporter -->
<testsuite skipped="0" hostname="E5470-01381" name="drivers.BasicDriver" tests="1" failures="0" timestamp="10 May 2018 21:52:56 GMT" time="42.659" errors="0">
  <testcase name="launchsite" time="42.659" classname="drivers.BasicDriver"/>
</testsuite> <!-- drivers.BasicDriver -->
