<?xml version="1.0" encoding="UTF-8"?>
<!-- Generated by org.testng.reporters.JUnitReportReporter -->
<testsuite skipped="0" hostname="E5470-01381" name="drivers.InternetOptions" tests="1" failures="0" timestamp="10 May 2018 22:03:28 GMT" time="3.655" errors="0">
  <testcase name="IEOptions" time="3.655" classname="drivers.InternetOptions"/>
</testsuite> <!-- drivers.InternetOptions -->
