<?xml version="1.0" encoding="UTF-8"?>
<!-- Generated by org.testng.reporters.JUnitReportReporter -->
<testsuite skipped="0" hostname="E5470-01381" name="testingajax.Autoit" tests="1" failures="0" timestamp="12 Jul 2018 22:15:02 GMT" time="46.580" errors="0">
  <testcase name="upload" time="46.580" classname="testingajax.Autoit"/>
</testsuite> <!-- testingajax.Autoit -->
