<?xml version="1.0" encoding="UTF-8"?>
<!-- Generated by org.testng.reporters.JUnitReportReporter -->
<testsuite skipped="0" hostname="E5470-01381" name="testingajax.ajaxCall" tests="1" failures="0" timestamp="11 Jul 2018 21:51:50 GMT" time="7.237" errors="0">
  <testcase name="ajax" time="7.237" classname="testingajax.ajaxCall"/>
</testsuite> <!-- testingajax.ajaxCall -->
