<?xml version="1.0" encoding="UTF-8"?>
<!-- Generated by org.testng.reporters.JUnitReportReporter -->
<testsuite skipped="0" hostname="E5470-01381" name="testingajax.Download" tests="1" failures="0" timestamp="22 Jul 2018 18:21:29 GMT" time="50.979" errors="0">
  <testcase name="FrefoxDownload" time="50.979" classname="testingajax.Download"/>
</testsuite> <!-- testingajax.Download -->
