<?xml version="1.0" encoding="UTF-8"?>
<!-- Generated by org.testng.reporters.JUnitReportReporter -->
<testsuite skipped="0" hostname="E5470-01381" name="testingajax.cookies" tests="1" failures="0" timestamp="15 Sep 2019 22:16:27 GMT" time="23.485" errors="0">
  <testcase name="ajax" time="23.485" classname="testingajax.cookies"/>
</testsuite> <!-- testingajax.cookies -->
