<?xml version="1.0" encoding="UTF-8"?>
<!-- Generated by org.testng.reporters.JUnitReportReporter -->
<testsuite skipped="0" hostname="E5470-01381" name="wait.ExplicitWait" tests="1" failures="0" timestamp="28 Jun 2018 22:25:34 GMT" time="9.401" errors="0">
  <testcase name="waitCondition" time="9.401" classname="wait.ExplicitWait"/>
</testsuite> <!-- wait.ExplicitWait -->
